#
# There is insufficient memory for the Java Runtime Environment to continue.
# Native memory allocation (malloc) failed to allocate 317200 bytes for Chunk::new
# Possible reasons:
#   The system is out of physical RAM or swap space
#   The process is running with CompressedOops enabled, and the Java Heap may be blocking the growth of the native heap
# Possible solutions:
#   Reduce memory load on the system
#   Increase physical memory or swap space
#   Check if swap backing store is full
#   Decrease Java heap size (-Xmx/-Xms)
#   Decrease number of Java threads
#   Decrease Java thread stack sizes (-Xss)
#   Set larger code cache with -XX:ReservedCodeCacheSize=
#   JVM is running with Unscaled Compressed Oops mode in which the Java heap is
#     placed in the first 4GB address space. The Java Heap base address is the
#     maximum limit for the native heap growth. Please use -XX:HeapBaseMinAddress
#     to set the Java Heap base and to place the Java Heap above 4GB virtual address.
# This output file may be truncated or incomplete.
#
#  Out of Memory Error (allocation.cpp:389), pid=18572, tid=0x00000000000013a4
#
# JRE version: Java(TM) SE Runtime Environment (8.0_311-b11) (build 1.8.0_311-b11)
# Java VM: Java HotSpot(TM) 64-Bit Server VM (25.311-b11 mixed mode windows-amd64 compressed oops)
# Failed to write core dump. Minidumps are not enabled by default on client versions of Windows
#

---------------  T H R E A D  ---------------

Current thread (0x000002435088f800):  JavaThread "C2 CompilerThread2" daemon [_thread_in_native, id=5028, stack(0x000000a55f200000,0x000000a55f300000)]

Stack: [0x000000a55f200000,0x000000a55f300000]
Native frames: (J=compiled Java code, j=interpreted, Vv=VM code, C=native code)
V  [jvm.dll+0x32f239]
V  [jvm.dll+0x275882]
V  [jvm.dll+0x27652d]
V  [jvm.dll+0x26cf65]
V  [jvm.dll+0xd558c]
V  [jvm.dll+0xd5d8c]
V  [jvm.dll+0x470b65]
V  [jvm.dll+0x438210]
V  [jvm.dll+0x441215]
V  [jvm.dll+0x4405d5]
V  [jvm.dll+0x42b38b]
V  [jvm.dll+0xac22b]
V  [jvm.dll+0xaa88b]
V  [jvm.dll+0x23df22]
V  [jvm.dll+0x29253c]
C  [ucrtbase.dll+0x21bb2]
C  [KERNEL32.DLL+0x17614]
C  [ntdll.dll+0x526a1]


Current CompileTask:
C2:   4411 2716   !   4       org.apache.maven.bridge.MavenRepositorySystem::createDependencyArtifact (202 bytes)


---------------  P R O C E S S  ---------------

Java Threads: ( => current thread )
  0x000002435093f800 JavaThread "Service Thread" daemon [_thread_blocked, id=7468, stack(0x000000a55f400000,0x000000a55f500000)]
  0x0000024350892800 JavaThread "C1 CompilerThread3" daemon [_thread_in_native, id=4472, stack(0x000000a55f300000,0x000000a55f400000)]
=>0x000002435088f800 JavaThread "C2 CompilerThread2" daemon [_thread_in_native, id=5028, stack(0x000000a55f200000,0x000000a55f300000)]
  0x000002435088a800 JavaThread "C2 CompilerThread1" daemon [_thread_in_native, id=11032, stack(0x000000a55f100000,0x000000a55f200000)]
  0x0000024350887000 JavaThread "C2 CompilerThread0" daemon [_thread_in_native, id=10220, stack(0x000000a55f000000,0x000000a55f100000)]
  0x0000024350881800 JavaThread "Monitor Ctrl-Break" daemon [_thread_in_native, id=3308, stack(0x000000a55ef00000,0x000000a55f000000)]
  0x000002434eab9000 JavaThread "Attach Listener" daemon [_thread_blocked, id=13100, stack(0x000000a55ee00000,0x000000a55ef00000)]
  0x000002434eb10000 JavaThread "Signal Dispatcher" daemon [_thread_blocked, id=14952, stack(0x000000a55ed00000,0x000000a55ee00000)]
  0x000002434ea8c800 JavaThread "Finalizer" daemon [_thread_blocked, id=6112, stack(0x000000a55ec00000,0x000000a55ed00000)]
  0x000002434ea85800 JavaThread "Reference Handler" daemon [_thread_blocked, id=6468, stack(0x000000a55eb00000,0x000000a55ec00000)]
  0x000002433930e800 JavaThread "main" [_thread_in_vm, id=13200, stack(0x000000a55e100000,0x000000a55e200000)]

Other Threads:
  0x000002434ea5d000 VMThread [stack: 0x000000a55ea00000,0x000000a55eb00000] [id=12596]
  0x000002435097d000 WatcherThread [stack: 0x000000a55f500000,0x000000a55f600000] [id=16336]

VM state:not at safepoint (normal execution)

VM Mutex/Monitor currently owned by a thread: None

heap address: 0x0000000091800000, size: 1768 MB, Compressed Oops mode: 32-bit
Narrow klass base: 0x0000000000000000, Narrow klass shift: 3
Compressed class space size: 1073741824 Address: 0x0000000100000000

Heap:
 PSYoungGen      total 120832K, used 17607K [0x00000000db300000, 0x00000000e3900000, 0x0000000100000000)
  eden space 112128K, 7% used [0x00000000db300000,0x00000000dbbb7f20,0x00000000e2080000)
  from space 8704K, 99% used [0x00000000e2b80000,0x00000000e33fa040,0x00000000e3400000)
  to   space 11264K, 0% used [0x00000000e2080000,0x00000000e2080000,0x00000000e2b80000)
 ParOldGen       total 76800K, used 11729K [0x0000000091800000, 0x0000000096300000, 0x00000000db300000)
  object space 76800K, 15% used [0x0000000091800000,0x0000000092374568,0x0000000096300000)
 Metaspace       used 16193K, capacity 16582K, committed 16896K, reserved 1064960K
  class space    used 1912K, capacity 2010K, committed 2048K, reserved 1048576K

Card table byte_map: [0x0000024349f70000,0x000002434a2f0000] byte_map_base: 0x0000024349ae4000

Marking Bits: (ParMarkBitMap*) 0x0000000051308030
 Begin Bits: [0x000002434a540000, 0x000002434c0e0000)
 End Bits:   [0x000002434c0e0000, 0x000002434dc80000)

Polling page: 0x000002433ab80000

CodeCache: size=245760Kb used=10094Kb max_used=10094Kb free=235666Kb
 bounds [0x000002433abb0000, 0x000002433b5a0000, 0x0000024349bb0000]
 total_blobs=3155 nmethods=2786 adapters=282
 compilation: enabled

Compilation events (10 events):
Event: 4.376 Thread 0x0000024350892800 nmethod 2765 0x000002433b575b10 code [0x000002433b575c80, 0x000002433b575e90]
Event: 4.376 Thread 0x0000024350892800 2767       3       org.codehaus.plexus.util.xml.Xpp3Dom::getChildren (52 bytes)
Event: 4.376 Thread 0x0000024350892800 nmethod 2767 0x000002433b575250 code [0x000002433b575400, 0x000002433b5759b0]
Event: 4.376 Thread 0x0000024350892800 2768       3       org.codehaus.plexus.configuration.DefaultPlexusConfiguration::add (100 bytes)
Event: 4.377 Thread 0x0000024350892800 nmethod 2768 0x000002433b57e750 code [0x000002433b57e980, 0x000002433b57f750]
Event: 4.377 Thread 0x0000024350892800 2769       1       org.codehaus.plexus.configuration.DefaultPlexusConfiguration::getValue (5 bytes)
Event: 4.378 Thread 0x0000024350892800 nmethod 2769 0x000002433b57fd90 code [0x000002433b57fee0, 0x000002433b57fff8]
Event: 4.378 Thread 0x0000024350892800 2770       1       org.apache.maven.plugin.descriptor.Parameter::getName (5 bytes)
Event: 4.378 Thread 0x0000024350892800 nmethod 2770 0x000002433b580050 code [0x000002433b5801a0, 0x000002433b5802b8]
Event: 4.378 Thread 0x0000024350892800 2771       3       org.codehaus.plexus.configuration.DefaultPlexusConfiguration::getChild (47 bytes)

GC Heap History (10 events):
Event: 1.781 GC heap before
{Heap before GC invocations=2 (full 0):
 PSYoungGen      total 33280K, used 33268K [0x00000000db300000, 0x00000000dd800000, 0x0000000100000000)
  eden space 28672K, 100% used [0x00000000db300000,0x00000000dcf00000,0x00000000dcf00000)
  from space 4608K, 99% used [0x00000000dcf00000,0x00000000dd37d2c8,0x00000000dd380000)
  to   space 4608K, 0% used [0x00000000dd380000,0x00000000dd380000,0x00000000dd800000)
 ParOldGen       total 76800K, used 471K [0x0000000091800000, 0x0000000096300000, 0x00000000db300000)
  object space 76800K, 0% used [0x0000000091800000,0x0000000091875c20,0x0000000096300000)
 Metaspace       used 10931K, capacity 11180K, committed 11392K, reserved 1058816K
  class space    used 1310K, capacity 1381K, committed 1408K, reserved 1048576K
Event: 1.799 GC heap after
Heap after GC invocations=2 (full 0):
 PSYoungGen      total 33280K, used 4606K [0x00000000db300000, 0x00000000df400000, 0x0000000100000000)
  eden space 28672K, 0% used [0x00000000db300000,0x00000000db300000,0x00000000dcf00000)
  from space 4608K, 99% used [0x00000000dd380000,0x00000000dd7ff9e0,0x00000000dd800000)
  to   space 4608K, 0% used [0x00000000dcf00000,0x00000000dcf00000,0x00000000dd380000)
 ParOldGen       total 76800K, used 1397K [0x0000000091800000, 0x0000000096300000, 0x00000000db300000)
  object space 76800K, 1% used [0x0000000091800000,0x000000009195d428,0x0000000096300000)
 Metaspace       used 10931K, capacity 11180K, committed 11392K, reserved 1058816K
  class space    used 1310K, capacity 1381K, committed 1408K, reserved 1048576K
}
Event: 2.511 GC heap before
{Heap before GC invocations=3 (full 0):
 PSYoungGen      total 33280K, used 33278K [0x00000000db300000, 0x00000000df400000, 0x0000000100000000)
  eden space 28672K, 100% used [0x00000000db300000,0x00000000dcf00000,0x00000000dcf00000)
  from space 4608K, 99% used [0x00000000dd380000,0x00000000dd7ff9e0,0x00000000dd800000)
  to   space 4608K, 0% used [0x00000000dcf00000,0x00000000dcf00000,0x00000000dd380000)
 ParOldGen       total 76800K, used 1397K [0x0000000091800000, 0x0000000096300000, 0x00000000db300000)
  object space 76800K, 1% used [0x0000000091800000,0x000000009195d428,0x0000000096300000)
 Metaspace       used 13787K, capacity 14064K, committed 14464K, reserved 1062912K
  class space    used 1718K, capacity 1805K, committed 1920K, reserved 1048576K
Event: 2.519 GC heap after
Heap after GC invocations=3 (full 0):
 PSYoungGen      total 33280K, used 4594K [0x00000000db300000, 0x00000000df400000, 0x0000000100000000)
  eden space 28672K, 0% used [0x00000000db300000,0x00000000db300000,0x00000000dcf00000)
  from space 4608K, 99% used [0x00000000dcf00000,0x00000000dd37cbe8,0x00000000dd380000)
  to   space 4608K, 0% used [0x00000000def80000,0x00000000def80000,0x00000000df400000)
 ParOldGen       total 76800K, used 3652K [0x0000000091800000, 0x0000000096300000, 0x00000000db300000)
  object space 76800K, 4% used [0x0000000091800000,0x0000000091b91130,0x0000000096300000)
 Metaspace       used 13787K, capacity 14064K, committed 14464K, reserved 1062912K
  class space    used 1718K, capacity 1805K, committed 1920K, reserved 1048576K
}
Event: 3.230 GC heap before
{Heap before GC invocations=4 (full 0):
 PSYoungGen      total 33280K, used 33266K [0x00000000db300000, 0x00000000df400000, 0x0000000100000000)
  eden space 28672K, 100% used [0x00000000db300000,0x00000000dcf00000,0x00000000dcf00000)
  from space 4608K, 99% used [0x00000000dcf00000,0x00000000dd37cbe8,0x00000000dd380000)
  to   space 4608K, 0% used [0x00000000def80000,0x00000000def80000,0x00000000df400000)
 ParOldGen       total 76800K, used 3652K [0x0000000091800000, 0x0000000096300000, 0x00000000db300000)
  object space 76800K, 4% used [0x0000000091800000,0x0000000091b91130,0x0000000096300000)
 Metaspace       used 15499K, capacity 15842K, committed 16128K, reserved 1062912K
  class space    used 1889K, capacity 1978K, committed 2048K, reserved 1048576K
Event: 3.238 GC heap after
Heap after GC invocations=4 (full 0):
 PSYoungGen      total 61952K, used 4600K [0x00000000db300000, 0x00000000df400000, 0x0000000100000000)
  eden space 57344K, 0% used [0x00000000db300000,0x00000000db300000,0x00000000deb00000)
  from space 4608K, 99% used [0x00000000def80000,0x00000000df3fe030,0x00000000df400000)
  to   space 4608K, 0% used [0x00000000deb00000,0x00000000deb00000,0x00000000def80000)
 ParOldGen       total 76800K, used 6909K [0x0000000091800000, 0x0000000096300000, 0x00000000db300000)
  object space 76800K, 8% used [0x0000000091800000,0x0000000091ebf5f8,0x0000000096300000)
 Metaspace       used 15499K, capacity 15842K, committed 16128K, reserved 1062912K
  class space    used 1889K, capacity 1978K, committed 2048K, reserved 1048576K
}
Event: 4.104 GC heap before
{Heap before GC invocations=5 (full 0):
 PSYoungGen      total 61952K, used 61944K [0x00000000db300000, 0x00000000df400000, 0x0000000100000000)
  eden space 57344K, 100% used [0x00000000db300000,0x00000000deb00000,0x00000000deb00000)
  from space 4608K, 99% used [0x00000000def80000,0x00000000df3fe030,0x00000000df400000)
  to   space 4608K, 0% used [0x00000000deb00000,0x00000000deb00000,0x00000000def80000)
 ParOldGen       total 76800K, used 6909K [0x0000000091800000, 0x0000000096300000, 0x00000000db300000)
  object space 76800K, 8% used [0x0000000091800000,0x0000000091ebf5f8,0x0000000096300000)
 Metaspace       used 15847K, capacity 16230K, committed 16384K, reserved 1062912K
  class space    used 1889K, capacity 1978K, committed 2048K, reserved 1048576K
Event: 4.114 GC heap after
Heap after GC invocations=5 (full 0):
 PSYoungGen      total 61952K, used 4600K [0x00000000db300000, 0x00000000e3400000, 0x0000000100000000)
  eden space 57344K, 0% used [0x00000000db300000,0x00000000db300000,0x00000000deb00000)
  from space 4608K, 99% used [0x00000000deb00000,0x00000000def7e030,0x00000000def80000)
  to   space 8704K, 0% used [0x00000000e2b80000,0x00000000e2b80000,0x00000000e3400000)
 ParOldGen       total 76800K, used 9057K [0x0000000091800000, 0x0000000096300000, 0x00000000db300000)
  object space 76800K, 11% used [0x0000000091800000,0x00000000920d8618,0x0000000096300000)
 Metaspace       used 15847K, capacity 16230K, committed 16384K, reserved 1062912K
  class space    used 1889K, capacity 1978K, committed 2048K, reserved 1048576K
}
Event: 4.270 GC heap before
{Heap before GC invocations=6 (full 0):
 PSYoungGen      total 61952K, used 61944K [0x00000000db300000, 0x00000000e3400000, 0x0000000100000000)
  eden space 57344K, 100% used [0x00000000db300000,0x00000000deb00000,0x00000000deb00000)
  from space 4608K, 99% used [0x00000000deb00000,0x00000000def7e030,0x00000000def80000)
  to   space 8704K, 0% used [0x00000000e2b80000,0x00000000e2b80000,0x00000000e3400000)
 ParOldGen       total 76800K, used 9057K [0x0000000091800000, 0x0000000096300000, 0x00000000db300000)
  object space 76800K, 11% used [0x0000000091800000,0x00000000920d8618,0x0000000096300000)
 Metaspace       used 15896K, capacity 16230K, committed 16384K, reserved 1062912K
  class space    used 1890K, capacity 1978K, committed 2048K, reserved 1048576K
Event: 4.282 GC heap after
Heap after GC invocations=6 (full 0):
 PSYoungGen      total 120832K, used 8680K [0x00000000db300000, 0x00000000e3900000, 0x0000000100000000)
  eden space 112128K, 0% used [0x00000000db300000,0x00000000db300000,0x00000000e2080000)
  from space 8704K, 99% used [0x00000000e2b80000,0x00000000e33fa040,0x00000000e3400000)
  to   space 11264K, 0% used [0x00000000e2080000,0x00000000e2080000,0x00000000e2b80000)
 ParOldGen       total 76800K, used 11729K [0x0000000091800000, 0x0000000096300000, 0x00000000db300000)
  object space 76800K, 15% used [0x0000000091800000,0x0000000092374568,0x0000000096300000)
 Metaspace       used 15896K, capacity 16230K, committed 16384K, reserved 1062912K
  class space    used 1890K, capacity 1978K, committed 2048K, reserved 1048576K
}

Deoptimization events (10 events):
Event: 4.298 Thread 0x000002433930e800 Uncommon trap: reason=class_check action=maybe_recompile pc=0x000002433b475e58 method=com.google.inject.internal.InternalFactoryToProviderAdapter.get(Lcom/google/inject/internal/InternalContext;Lcom/google/inject/spi/Dependency;Z)Ljava/lang/Object; @ 4
Event: 4.306 Thread 0x000002433930e800 Uncommon trap: reason=class_check action=maybe_recompile pc=0x000002433b49e560 method=org.eclipse.sisu.inject.LazyBeanEntry.getValue()Ljava/lang/Object; @ 4
Event: 4.329 Thread 0x000002433930e800 Uncommon trap: reason=class_check action=maybe_recompile pc=0x000002433b51c068 method=java.util.regex.Pattern$Begin.match(Ljava/util/regex/Matcher;ILjava/lang/CharSequence;)Z @ 30
Event: 4.330 Thread 0x000002433930e800 Uncommon trap: reason=class_check action=maybe_recompile pc=0x000002433b51c068 method=java.util.regex.Pattern$Begin.match(Ljava/util/regex/Matcher;ILjava/lang/CharSequence;)Z @ 30
Event: 4.333 Thread 0x000002433930e800 Uncommon trap: reason=class_check action=maybe_recompile pc=0x000002433b51c068 method=java.util.regex.Pattern$Begin.match(Ljava/util/regex/Matcher;ILjava/lang/CharSequence;)Z @ 30
Event: 4.345 Thread 0x000002433930e800 Uncommon trap: reason=unstable_if action=reinterpret pc=0x000002433b4b85cc method=org.apache.maven.model.Dependency.clone()Lorg/apache/maven/model/Dependency; @ 76
Event: 4.345 Thread 0x000002433930e800 Uncommon trap: reason=unstable_if action=reinterpret pc=0x000002433b468444 method=org.apache.maven.model.ConfigurationContainer.clone()Lorg/apache/maven/model/ConfigurationContainer; @ 37
Event: 4.345 Thread 0x000002433930e800 Uncommon trap: reason=unstable_if action=reinterpret pc=0x000002433b4e03f4 method=org.apache.maven.model.ConfigurationContainer.clone()Lorg/apache/maven/model/ConfigurationContainer; @ 37
Event: 4.346 Thread 0x000002433930e800 Uncommon trap: reason=class_check action=maybe_recompile pc=0x000002433b51c068 method=java.util.regex.Pattern$Begin.match(Ljava/util/regex/Matcher;ILjava/lang/CharSequence;)Z @ 30
Event: 4.363 Thread 0x000002433930e800 Uncommon trap: reason=unstable_if action=reinterpret pc=0x000002433b48f918 method=org.apache.maven.model.ConfigurationContainer.getLocation(Ljava/lang/Object;)Lorg/apache/maven/model/InputLocation; @ 4

Classes redefined (0 events):
No events

Internal exceptions (10 events):
Event: 0.302 Thread 0x000002433930e800 Exception <a 'java/security/PrivilegedActionException'> (0x00000000db7cf5b8) thrown at [C:\jenkins\workspace\8-2-build-windows-amd64-cygwin\jdk8u311\1894\hotspot\src\share\vm\prims\jvm.cpp, line 1523]
Event: 0.302 Thread 0x000002433930e800 Exception <a 'java/security/PrivilegedActionException'> (0x00000000db7cf9b0) thrown at [C:\jenkins\workspace\8-2-build-windows-amd64-cygwin\jdk8u311\1894\hotspot\src\share\vm\prims\jvm.cpp, line 1523]
Event: 2.424 Thread 0x000002433930e800 Exception <a 'java/lang/NoClassDefFoundError': com/google/inject/servlet/ServletModuleTargetVisitor> (0x00000000dcc45c60) thrown at [C:\jenkins\workspace\8-2-build-windows-amd64-cygwin\jdk8u311\1894\hotspot\src\share\vm\classfile\systemDictionary.cpp, lin
Event: 2.424 Thread 0x000002433930e800 Exception <a 'java/lang/NoClassDefFoundError'> (0x00000000dcc45c60) thrown at [C:\jenkins\workspace\8-2-build-windows-amd64-cygwin\jdk8u311\1894\hotspot\src\share\vm\prims\jvm.cpp, line 1527]
Event: 2.424 Thread 0x000002433930e800 Exception <a 'java/lang/NoClassDefFoundError': javax/annotation/Priority> (0x00000000dcc4ad58) thrown at [C:\jenkins\workspace\8-2-build-windows-amd64-cygwin\jdk8u311\1894\hotspot\src\share\vm\classfile\systemDictionary.cpp, line 201]
Event: 2.552 Thread 0x000002433930e800 Implicit null exception at 0x000002433ad80018 to 0x000002433ad801e1
Event: 2.866 Thread 0x000002433930e800 Implicit null exception at 0x000002433b03be56 to 0x000002433b03c1d5
Event: 2.866 Thread 0x000002433930e800 Implicit null exception at 0x000002433ade1919 to 0x000002433ade1ccd
Event: 3.327 Thread 0x000002433930e800 Implicit null exception at 0x000002433b2f73e1 to 0x000002433b2f862d
Event: 4.363 Thread 0x000002433930e800 Implicit null exception at 0x000002433b48f675 to 0x000002433b48f905

Events (10 events):
Event: 4.372 loading class org/codehaus/plexus/configuration/xml/XmlPlexusConfiguration
Event: 4.372 loading class org/codehaus/plexus/configuration/xml/XmlPlexusConfiguration done
Event: 4.372 loading class org/codehaus/plexus/configuration/DefaultPlexusConfiguration
Event: 4.372 loading class org/codehaus/plexus/configuration/DefaultPlexusConfiguration done
Event: 4.376 loading class org/apache/maven/plugin/descriptor/DuplicateParameterException
Event: 4.376 loading class org/apache/maven/plugin/descriptor/DuplicateParameterException done
Event: 4.377 loading class org/apache/maven/plugin/descriptor/Parameter
Event: 4.377 loading class org/apache/maven/plugin/descriptor/Parameter done
Event: 4.378 loading class org/codehaus/plexus/component/repository/ComponentRequirement
Event: 4.378 loading class org/codehaus/plexus/component/repository/ComponentRequirement done


Dynamic libraries:
0x00007ff6a1320000 - 0x00007ff6a1367000 	D:\Develop\Java\jdk1.8\bin\java.exe
0x00007ffa0b7b0000 - 0x00007ffa0b9a8000 	C:\WINDOWS\SYSTEM32\ntdll.dll
0x00007ffa0b440000 - 0x00007ffa0b4ff000 	C:\WINDOWS\System32\KERNEL32.DLL
0x00007ffa093f0000 - 0x00007ffa096c2000 	C:\WINDOWS\System32\KERNELBASE.dll
0x00007ffa0af00000 - 0x00007ffa0afae000 	C:\WINDOWS\System32\ADVAPI32.dll
0x00007ffa09dc0000 - 0x00007ffa09e5e000 	C:\WINDOWS\System32\msvcrt.dll
0x00007ffa0ae60000 - 0x00007ffa0aefc000 	C:\WINDOWS\System32\sechost.dll
0x00007ffa0a5e0000 - 0x00007ffa0a704000 	C:\WINDOWS\System32\RPCRT4.dll
0x00007ffa0a710000 - 0x00007ffa0a8b1000 	C:\WINDOWS\System32\USER32.dll
0x00007ffa09350000 - 0x00007ffa09372000 	C:\WINDOWS\System32\win32u.dll
0x00007ffa09e60000 - 0x00007ffa09e8b000 	C:\WINDOWS\System32\GDI32.dll
0x00007ffa09240000 - 0x00007ffa0934f000 	C:\WINDOWS\System32\gdi32full.dll
0x00007ffa08eb0000 - 0x00007ffa08f4d000 	C:\WINDOWS\System32\msvcp_win.dll
0x00007ffa09700000 - 0x00007ffa09800000 	C:\WINDOWS\System32\ucrtbase.dll
0x00007ff9f8bf0000 - 0x00007ff9f8e8a000 	C:\WINDOWS\WinSxS\amd64_microsoft.windows.common-controls_6595b64144ccf1df_6.0.19041.1110_none_60b5254171f9507e\COMCTL32.dll
0x00007ffa0b240000 - 0x00007ffa0b270000 	C:\WINDOWS\System32\IMM32.DLL
0x00007ff9f2bf0000 - 0x00007ff9f2c05000 	D:\Develop\Java\jdk1.8\jre\bin\vcruntime140.dll
0x00007ff9d9490000 - 0x00007ff9d952b000 	D:\Develop\Java\jdk1.8\jre\bin\msvcp140.dll
0x0000000050b20000 - 0x0000000051380000 	D:\Develop\Java\jdk1.8\jre\bin\server\jvm.dll
0x00007ffa0b760000 - 0x00007ffa0b768000 	C:\WINDOWS\System32\PSAPI.DLL
0x00007ffa04ae0000 - 0x00007ffa04ae9000 	C:\WINDOWS\SYSTEM32\WSOCK32.dll
0x00007ffa008d0000 - 0x00007ffa008da000 	C:\WINDOWS\SYSTEM32\VERSION.dll
0x00007ff9fec00000 - 0x00007ff9fec27000 	C:\WINDOWS\SYSTEM32\WINMM.dll
0x00007ffa0b0b0000 - 0x00007ffa0b11b000 	C:\WINDOWS\System32\WS2_32.dll
0x00007ffa06d50000 - 0x00007ffa06d62000 	C:\WINDOWS\SYSTEM32\kernel.appcore.dll
0x00007ff9ff030000 - 0x00007ff9ff040000 	D:\Develop\Java\jdk1.8\jre\bin\verify.dll
0x00007ff9f24b0000 - 0x00007ff9f24db000 	D:\Develop\Java\jdk1.8\jre\bin\java.dll
0x00007ff9d9870000 - 0x00007ff9d98a0000 	D:\Develop\Java\jdk1.8\jre\bin\instrument.dll
0x00007ff9f0d80000 - 0x00007ff9f0d98000 	D:\Develop\Java\jdk1.8\jre\bin\zip.dll
0x00007ffa09e90000 - 0x00007ffa0a5d5000 	C:\WINDOWS\System32\SHELL32.dll
0x00007ffa06f50000 - 0x00007ffa076e2000 	C:\WINDOWS\SYSTEM32\windows.storage.dll
0x00007ffa09a50000 - 0x00007ffa09da5000 	C:\WINDOWS\System32\combase.dll
0x00007ffa08830000 - 0x00007ffa08860000 	C:\WINDOWS\SYSTEM32\Wldp.dll
0x00007ffa099a0000 - 0x00007ffa09a4d000 	C:\WINDOWS\System32\SHCORE.dll
0x00007ffa09940000 - 0x00007ffa09995000 	C:\WINDOWS\System32\shlwapi.dll
0x00007ffa08df0000 - 0x00007ffa08e0f000 	C:\WINDOWS\SYSTEM32\profapi.dll
0x00007ff9d9770000 - 0x00007ff9d978a000 	D:\Develop\IntelliJ IDEA 2021.3.3\bin\breakgen64.dll
0x00007ff9f0560000 - 0x00007ff9f057c000 	D:\Develop\Java\jdk1.8\jre\bin\net.dll
0x00007ffa08590000 - 0x00007ffa085fa000 	C:\WINDOWS\system32\mswsock.dll
0x00007ffa08780000 - 0x00007ffa08798000 	C:\WINDOWS\SYSTEM32\CRYPTSP.dll
0x00007ffa07eb0000 - 0x00007ffa07ee4000 	C:\WINDOWS\system32\rsaenh.dll
0x00007ffa096d0000 - 0x00007ffa096f7000 	C:\WINDOWS\System32\bcrypt.dll
0x00007ffa08d70000 - 0x00007ffa08d9e000 	C:\WINDOWS\SYSTEM32\USERENV.dll
0x00007ffa08f50000 - 0x00007ffa08fd2000 	C:\WINDOWS\System32\bcryptprimitives.dll
0x00007ffa087a0000 - 0x00007ffa087ac000 	C:\WINDOWS\SYSTEM32\CRYPTBASE.dll
0x00007ffa08280000 - 0x00007ffa082bb000 	C:\WINDOWS\SYSTEM32\IPHLPAPI.DLL
0x00007ffa09930000 - 0x00007ffa09938000 	C:\WINDOWS\System32\NSI.dll
0x00007ffa00eb0000 - 0x00007ffa00ec7000 	C:\WINDOWS\SYSTEM32\dhcpcsvc6.DLL
0x00007ffa00e90000 - 0x00007ffa00ead000 	C:\WINDOWS\SYSTEM32\dhcpcsvc.DLL
0x00007ffa082c0000 - 0x00007ffa0838b000 	C:\WINDOWS\SYSTEM32\DNSAPI.dll
0x00007ff9e9800000 - 0x00007ff9e9813000 	D:\Develop\Java\jdk1.8\jre\bin\nio.dll
0x00007ffa037a0000 - 0x00007ffa037aa000 	C:\Users\13269\AppData\Local\Temp\jansi-1.17.1-5217642112924194111.dll
0x00007ff9f8620000 - 0x00007ff9f862a000 	C:\Users\13269\AppData\Local\Temp\jansi-1.17.1-4881621422527646053.dll
0x00007ff9fbd00000 - 0x00007ff9fbee4000 	C:\WINDOWS\SYSTEM32\dbghelp.dll

VM Arguments:
jvm_args: -Dmaven.multiModuleProjectDirectory=D:\IdeaProjects\stage4\springCloudAlibaba -Dmaven.wagon.http.ssl.insecure=true -Dmaven.wagon.http.ssl.allowall=true -Dmaven.wagon.http.ssl.ignore.validity.dates=true -Dmaven.home=D:\Develop\apache-maven-3.6.1 -Dclassworlds.conf=D:\Develop\apache-maven-3.6.1\bin\m2.conf -Dmaven.ext.class.path=D:\Develop\IntelliJ IDEA 2021.3.3\plugins\maven\lib\maven-event-listener.jar -javaagent:D:\Develop\IntelliJ IDEA 2021.3.3\lib\idea_rt.jar=62422:D:\Develop\IntelliJ IDEA 2021.3.3\bin -Dfile.encoding=UTF-8 
java_command: org.codehaus.classworlds.Launcher -Didea.version=2021.3.3 -s D:\Develop\apache-maven-3.6.1\conf\settings.xml -Dmaven.repo.local=D:\Develop\apache-maven-3.6.1\mvn_resp compile
java_class_path (initial): D:\Develop\apache-maven-3.6.1\boot\plexus-classworlds-2.6.0.jar;D:\Develop\IntelliJ IDEA 2021.3.3\lib\idea_rt.jar
Launcher Type: SUN_STANDARD

Environment Variables:
JAVA_HOME=D:\Develop\Java\jdk1.8
CLASSPATH=.;D:\Develop\Java\jdk1.8\lib;D:\Develop\Java\jdk1.8\lib\tools.jar;
PATH=D:\Develop\adb;D:\Develop\VMware\bin\;C:\WINDOWS\system32;C:\WINDOWS;C:\WINDOWS\System32\Wbem;C:\WINDOWS\System32\WindowsPowerShell\v1.0\;C:\WINDOWS\System32\OpenSSH\;D:\Develop\mysql-5.7.19-winx64\bin;D:\Develop\apache-maven-3.6.1\bin;D:\Develop\Git\cmd;C:\Program Files\Intel\WiFi\bin\;C:\Program Files\Common Files\Intel\WirelessCommon\;D:\Develop\Java\jdk1.8\bin;D:\Develop\Java\jdk1.8\jre\bin;C:\WINDOWS\System32;C:\ProgramData\chocolatey\bin;D:\Develop\nodejs\;D:\Develop\Git\bin;D:\Application\Bandizip\;D:\Application\bandizip\Bandizip;D:\ApplicationGreen\alist;D:\Develop\python\Scripts\;D:\Develop\python\;C:\Users\13269\AppData\Local\Microsoft\WindowsApps;D:\Develop\Microsoft VS Code\bin;D:\ApplicationGreen\;C:\Users\13269\AppData\Roaming\npm;
USERNAME=13269
OS=Windows_NT
PROCESSOR_IDENTIFIER=AMD64 Family 23 Model 17 Stepping 0, AuthenticAMD



---------------  S Y S T E M  ---------------

OS: Windows 10.0 , 64 bit Build 19041 (10.0.19041.2546)

CPU:total 8 (initial active 8) (8 cores per cpu, 1 threads per core) family 23 model 17 stepping 0, cmov, cx8, fxsr, mmx, sse, sse2, sse3, ssse3, sse4.1, sse4.2, popcnt, avx, avx2, aes, clmul, mmxext, 3dnowpref, lzcnt, sse4a, tsc, tscinvbit, tscinv, bmi1

Memory: 4k page, physical 7239248k(212008k free), swap 15226316k(5424k free)

vm_info: Java HotSpot(TM) 64-Bit Server VM (25.311-b11) for windows-amd64 JRE (1.8.0_311-b11), built on Sep 27 2021 05:15:14 by "java_re" with MS VC++ 15.9 (VS2017)

time: Thu Apr  6 22:16:39 2023
timezone: 中国标准时间
elapsed time: 4.416119 seconds (0d 0h 0m 4s)

